Connecting to database specified by database.yml
Compiled jquery.js  (2ms)  (pid 5155)
Compiled jquery_ujs.js  (0ms)  (pid 5155)
Compiled bootstrap-transition.js  (0ms)  (pid 5155)
Compiled bootstrap-affix.js  (0ms)  (pid 5155)
Compiled bootstrap-alert.js  (0ms)  (pid 5155)
Compiled bootstrap-button.js  (0ms)  (pid 5155)
Compiled bootstrap-carousel.js  (0ms)  (pid 5155)
Compiled bootstrap-collapse.js  (0ms)  (pid 5155)
Compiled bootstrap-dropdown.js  (0ms)  (pid 5155)
Compiled bootstrap-modal.js  (0ms)  (pid 5155)
Compiled bootstrap-scrollspy.js  (0ms)  (pid 5155)
Compiled bootstrap-tab.js  (0ms)  (pid 5155)
Compiled bootstrap-tooltip.js  (0ms)  (pid 5155)
Compiled bootstrap-popover.js  (0ms)  (pid 5155)
Compiled bootstrap-typeahead.js  (0ms)  (pid 5155)
Compiled bootstrap.js  (117ms)  (pid 5155)
Compiled redactor-rails/redactor.min.js  (0ms)  (pid 5155)
Compiled redactor-rails/config.js  (0ms)  (pid 5155)
Compiled redactor-rails/index.js  (9ms)  (pid 5155)
Compiled bootstrap-wysihtml5-0.0.2.js  (0ms)  (pid 5155)
Compiled bootstrap-wysihtml5-0.0.2.min.js  (0ms)  (pid 5155)
Compiled categories.js  (81ms)  (pid 5155)
Compiled comment.js  (1ms)  (pid 5155)
Compiled home.js  (0ms)  (pid 5155)
Compiled posts.js  (0ms)  (pid 5155)
Compiled static_pages.js  (0ms)  (pid 5155)
Compiled application.js  (289ms)  (pid 5155)
Compiled redactor-rails/css/redactor.css  (0ms)  (pid 5155)
Compiled redactor-rails/index.css  (28ms)  (pid 5155)
Compiled bootstrap-wysihtml5-0.0.2.css  (0ms)  (pid 5155)
Compiled bootstrap_and_overrides.css  (2262ms)  (pid 5155)
Compiled categories.css  (1ms)  (pid 5155)
Compiled comment.css  (1ms)  (pid 5155)
Compiled home.css  (0ms)  (pid 5155)
Compiled posts.css  (1ms)  (pid 5155)
Compiled static_pages.css  (1ms)  (pid 5155)
Compiled application.css  (2382ms)  (pid 5155)
Connecting to database specified by database.yml
Compiled jquery.js  (1ms)  (pid 5155)
Compiled jquery_ujs.js  (0ms)  (pid 5155)
Compiled bootstrap-transition.js  (0ms)  (pid 5155)
Compiled bootstrap-affix.js  (0ms)  (pid 5155)
Compiled bootstrap-alert.js  (0ms)  (pid 5155)
Compiled bootstrap-button.js  (0ms)  (pid 5155)
Compiled bootstrap-carousel.js  (0ms)  (pid 5155)
Compiled bootstrap-collapse.js  (0ms)  (pid 5155)
Compiled bootstrap-dropdown.js  (0ms)  (pid 5155)
Compiled bootstrap-modal.js  (0ms)  (pid 5155)
Compiled bootstrap-scrollspy.js  (0ms)  (pid 5155)
Compiled bootstrap-tab.js  (0ms)  (pid 5155)
Compiled bootstrap-tooltip.js  (0ms)  (pid 5155)
Compiled bootstrap-popover.js  (0ms)  (pid 5155)
Compiled bootstrap-typeahead.js  (0ms)  (pid 5155)
Compiled bootstrap.js  (117ms)  (pid 5155)
Compiled redactor-rails/redactor.min.js  (0ms)  (pid 5155)
Compiled redactor-rails/config.js  (0ms)  (pid 5155)
Compiled redactor-rails/index.js  (9ms)  (pid 5155)
Compiled bootstrap-wysihtml5-0.0.2.js  (0ms)  (pid 5155)
Compiled bootstrap-wysihtml5-0.0.2.min.js  (0ms)  (pid 5155)
Compiled categories.js  (56ms)  (pid 5155)
Compiled comment.js  (1ms)  (pid 5155)
Compiled home.js  (0ms)  (pid 5155)
Compiled posts.js  (0ms)  (pid 5155)
Compiled static_pages.js  (0ms)  (pid 5155)
Compiled application.js  (260ms)  (pid 5155)
Compiled redactor-rails/css/redactor.css  (0ms)  (pid 5155)
Compiled redactor-rails/index.css  (5ms)  (pid 5155)
Compiled bootstrap-wysihtml5-0.0.2.css  (0ms)  (pid 5155)
Compiled bootstrap_and_overrides.css  (2299ms)  (pid 5155)
Compiled categories.css  (1ms)  (pid 5155)
Compiled comment.css  (1ms)  (pid 5155)
Compiled home.css  (0ms)  (pid 5155)
Compiled posts.css  (0ms)  (pid 5155)
Compiled static_pages.css  (0ms)  (pid 5155)
Compiled application.css  (2357ms)  (pid 5155)
